Using pre-set license
Built from '2021.3/staging' branch; Version is '2021.3.0f1 (6eacc8284459) revision 7253192'; Using compiler version '192829333'; Build Type 'Release'
OS: 'Windows 10  (10.0.19043) 64bit Core' Language: 'en' Physical Memory: 16298 MB
BatchMode: 1, IsHumanControllingUs: 0, StartBugReporterOnCrash: 0, Is64bit: 1, IsPro: 1

COMMAND LINE ARGUMENTS:
F:\Unity Installs editors\2021.3.0f1\Editor\Unity.exe
-adb2
-batchMode
-noUpm
-name
AssetImportWorker2
-projectPath
G:/Physics-Sandbox/LARS
-logFile
Logs/AssetImportWorker2.log
-srvPort
58164
Successfully changed project path to: G:/Physics-Sandbox/LARS
G:/Physics-Sandbox/LARS
[UnityMemory] Configuration Parameters - Can be set up in boot.config
    "memorysetup-bucket-allocator-granularity=16"
    "memorysetup-bucket-allocator-bucket-count=8"
    "memorysetup-bucket-allocator-block-size=33554432"
    "memorysetup-bucket-allocator-block-count=8"
    "memorysetup-main-allocator-block-size=16777216"
    "memorysetup-thread-allocator-block-size=16777216"
    "memorysetup-gfx-main-allocator-block-size=16777216"
    "memorysetup-gfx-thread-allocator-block-size=16777216"
    "memorysetup-cache-allocator-block-size=4194304"
    "memorysetup-typetree-allocator-block-size=2097152"
    "memorysetup-profiler-bucket-allocator-granularity=16"
    "memorysetup-profiler-bucket-allocator-bucket-count=8"
    "memorysetup-profiler-bucket-allocator-block-size=33554432"
    "memorysetup-profiler-bucket-allocator-block-count=8"
    "memorysetup-profiler-allocator-block-size=16777216"
    "memorysetup-profiler-editor-allocator-block-size=1048576"
    "memorysetup-temp-allocator-size-main=16777216"
    "memorysetup-job-temp-allocator-block-size=2097152"
    "memorysetup-job-temp-allocator-block-size-background=1048576"
    "memorysetup-job-temp-allocator-reduction-small-platforms=262144"
    "memorysetup-temp-allocator-size-background-worker=32768"
    "memorysetup-temp-allocator-size-job-worker=262144"
    "memorysetup-temp-allocator-size-preload-manager=33554432"
    "memorysetup-temp-allocator-size-nav-mesh-worker=65536"
    "memorysetup-temp-allocator-size-audio-worker=65536"
    "memorysetup-temp-allocator-size-cloud-worker=32768"
    "memorysetup-temp-allocator-size-gi-baking-worker=262144"
    "memorysetup-temp-allocator-size-gfx=262144"
Refreshing native plugins compatible for Editor in 84.69 ms, found 4 plugins.
Preloading 0 native plugins for Editor in 0.00 ms.
Initialize engine version: 2021.3.0f1 (6eacc8284459)
[Subsystems] Discovering subsystems at path F:/Unity Installs editors/2021.3.0f1/Editor/Data/Resources/UnitySubsystems
[Subsystems] Discovering subsystems at path G:/Physics-Sandbox/LARS/Assets
GfxDevice: creating device client; threaded=0; jobified=0
Direct3D:
    Version:  Direct3D 11.0 [level 11.1]
    Renderer: NVIDIA GeForce GTX 1660 SUPER (ID=0x21c4)
    Vendor:   NVIDIA
    VRAM:     5992 MB
    Driver:   30.0.15.1215
Shader 'WFX/Transparent Specular': fallback shader 'Particles/Alpha Blended' not found
Shader 'WFX/Transparent Diffuse': fallback shader 'Particles/Alpha Blended' not found
Initialize mono
Mono path[0] = 'F:/Unity Installs editors/2021.3.0f1/Editor/Data/Managed'
Mono path[1] = 'F:/Unity Installs editors/2021.3.0f1/Editor/Data/MonoBleedingEdge/lib/mono/unityjit-win32'
Mono config path = 'F:/Unity Installs editors/2021.3.0f1/Editor/Data/MonoBleedingEdge/etc'
Using monoOptions --debugger-agent=transport=dt_socket,embedding=1,server=y,suspend=n,address=127.0.0.1:56068
Begin MonoManager ReloadAssembly
Registering precompiled unity dll's ...
Register platform support module: F:/Unity Installs editors/2021.3.0f1/Editor/Data/PlaybackEngines/WindowsStandaloneSupport/UnityEditor.WindowsStandalone.Extensions.dll
Registered in 0.002770 seconds.
Native extension for WindowsStandalone target not found
Refreshing native plugins compatible for Editor in 83.64 ms, found 4 plugins.
Preloading 0 native plugins for Editor in 0.00 ms.
Mono: successfully reloaded assembly
- Completed reload, in  0.626 seconds
Domain Reload Profiling:
	ReloadAssembly (626ms)
		BeginReloadAssembly (116ms)
			ExecutionOrderSort (0ms)
			DisableScriptedObjects (0ms)
			BackupInstance (0ms)
			ReleaseScriptingObjects (0ms)
			CreateAndSetChildDomain (1ms)
		EndReloadAssembly (412ms)
			LoadAssemblies (115ms)
			RebuildTransferFunctionScriptingTraits (0ms)
			SetupTypeCache (103ms)
			ReleaseScriptCaches (0ms)
			RebuildScriptCaches (23ms)
			SetupLoadedEditorAssemblies (242ms)
				LogAssemblyErrors (0ms)
				InitializePlatformSupportModulesInManaged (5ms)
				SetLoadedEditorAssemblies (0ms)
				RefreshPlugins (84ms)
				BeforeProcessingInitializeOnLoad (1ms)
				ProcessInitializeOnLoadAttributes (115ms)
				ProcessInitializeOnLoadMethodAttributes (36ms)
				AfterProcessingInitializeOnLoad (0ms)
				EditorAssembliesLoaded (0ms)
			ExecutionOrderSort2 (0ms)
			AwakeInstancesAfterBackupRestoration (0ms)
Platform modules already initialized, skipping
Registering precompiled user dll's ...
Registered in 0.005379 seconds.
Begin MonoManager ReloadAssembly
Symbol file LoadedFromMemory is not a mono symbol file
Native extension for WindowsStandalone target not found
Refreshing native plugins compatible for Editor in 73.97 ms, found 4 plugins.
Preloading 0 native plugins for Editor in 0.00 ms.
Mono: successfully reloaded assembly
- Completed reload, in  1.406 seconds
Domain Reload Profiling:
	ReloadAssembly (1406ms)
		BeginReloadAssembly (117ms)
			ExecutionOrderSort (0ms)
			DisableScriptedObjects (4ms)
			BackupInstance (0ms)
			ReleaseScriptingObjects (0ms)
			CreateAndSetChildDomain (16ms)
		EndReloadAssembly (1211ms)
			LoadAssemblies (107ms)
			RebuildTransferFunctionScriptingTraits (0ms)
			SetupTypeCache (210ms)
			ReleaseScriptCaches (1ms)
			RebuildScriptCaches (64ms)
			SetupLoadedEditorAssemblies (792ms)
				LogAssemblyErrors (0ms)
				InitializePlatformSupportModulesInManaged (8ms)
				SetLoadedEditorAssemblies (0ms)
				RefreshPlugins (74ms)
				BeforeProcessingInitializeOnLoad (79ms)
				ProcessInitializeOnLoadAttributes (570ms)
				ProcessInitializeOnLoadMethodAttributes (58ms)
				AfterProcessingInitializeOnLoad (3ms)
				EditorAssembliesLoaded (0ms)
			ExecutionOrderSort2 (0ms)
			AwakeInstancesAfterBackupRestoration (4ms)
Platform modules already initialized, skipping
========================================================================
Worker process is ready to serve import requests
Shader 'WFX/Transparent Specular': fallback shader 'Particles/Alpha Blended' not found
Shader 'WFX/Transparent Diffuse': fallback shader 'Particles/Alpha Blended' not found
Launched and connected shader compiler UnityShaderCompiler.exe after 0.18 seconds
Refreshing native plugins compatible for Editor in 0.93 ms, found 4 plugins.
Preloading 0 native plugins for Editor in 0.00 ms.
Unloading 4476 Unused Serialized files (Serialized files now loaded: 0)
Unloading 148 unused Assets / (0.8 MB). Loaded Objects now: 4932.
Memory consumption went from 205.1 MB to 204.4 MB.
Total: 5.176600 ms (FindLiveObjects: 0.381000 ms CreateObjectMapping: 0.117800 ms MarkObjects: 4.173200 ms  DeleteObjects: 0.503400 ms)

AssetImportParameters requested are different than current active one (requested -> active):
  custom:video-decoder-ogg-theora: a1e56fd34408186e4bbccfd4996cb3dc -> 
  custom:container-muxer-webm: aa71ff27fc2769a1b78a27578f13a17b -> 
  custom:container-demuxer-webm: 4f35f7cbe854078d1ac9338744f61a02 -> 
  custom:video-encoder-webm-vp8: eb34c28f22e8b96e1ab97ce403110664 -> 
  custom:video-codec-MediaFoundation-h265: e54d7ab0439102e2317fc1e4b246158d -> 
  custom:audio-encoder-webm-vorbis: bf7c407c2cedff20999df2af8eb42d56 -> 
  custom:framework-win-MediaFoundation: 216162199b28c13a410421893ffa2e32 -> 
  custom:container-demuxer-ogg: 62fdf1f143b41e24485cea50d1cbac27 -> 
  custom:video-decoder-webm-vp8: 9c59270c3fd7afecdb556c50c9e8de78 -> 
  custom:audio-decoder-ogg-vorbis: bf7c407c2cedff20999df2af8eb42d56 -> 
========================================================================
Received Import Request.
  Time since last request: 260135.665116 seconds.
  path: Assets/Models/Lever_01
  artifactKey: Guid(88cd80c8a10610c4da10624043657d4e) Importer(815301076,1909f56bfc062723c751e8b465ee728b)
Start importing Assets/Models/Lever_01 using Guid(88cd80c8a10610c4da10624043657d4e) Importer(815301076,1909f56bfc062723c751e8b465ee728b)  -> (artifact id: 'f31bbbaaa4319c2c11b73f5707c04032') in 0.011644 seconds 
========================================================================
Received Import Request.
  Time since last request: 22.123314 seconds.
  path: Assets/Models/Lever_01/Lever.fbx
  artifactKey: Guid(816698980dde2b5429b31ab7c9e4a60e) Importer(815301076,1909f56bfc062723c751e8b465ee728b)
Start importing Assets/Models/Lever_01/Lever.fbx using Guid(816698980dde2b5429b31ab7c9e4a60e) Importer(815301076,1909f56bfc062723c751e8b465ee728b)  -> (artifact id: '2964c760e6befcb7ed9c16656f30d322') in 0.297607 seconds 
========================================================================
Received Import Request.
  Time since last request: 118.692945 seconds.
  path: Assets/Models/Lever_01/Lever_TD_Checker_BaseMap.png
  artifactKey: Guid(93e7354b232dae8438cb471a355b4f72) Importer(815301076,1909f56bfc062723c751e8b465ee728b)
Start importing Assets/Models/Lever_01/Lever_TD_Checker_BaseMap.png using Guid(93e7354b232dae8438cb471a355b4f72) Importer(815301076,1909f56bfc062723c751e8b465ee728b)  -> (artifact id: 'cd4fd565ee95ea98a775cc4ad8eeb2a6') in 0.025548 seconds 
========================================================================
Received Import Request.
  Time since last request: 0.000024 seconds.
  path: Assets/Models/Lever_01/Lever_TD_Checker_Normal.png
  artifactKey: Guid(24b5ba37bc6b2df42b80b3be5ab1742c) Importer(815301076,1909f56bfc062723c751e8b465ee728b)
Start importing Assets/Models/Lever_01/Lever_TD_Checker_Normal.png using Guid(24b5ba37bc6b2df42b80b3be5ab1742c) Importer(815301076,1909f56bfc062723c751e8b465ee728b)  -> (artifact id: '7c885965e27c562d3486a6d0c8de12c6') in 0.013637 seconds 
========================================================================
Received Import Request.
  Time since last request: 0.000025 seconds.
  path: Assets/Models/Lever_01/Lever_TD_Checker_MaskMap.png
  artifactKey: Guid(bff72ece41c1b7944a180f8bb1d48ede) Importer(815301076,1909f56bfc062723c751e8b465ee728b)
Start importing Assets/Models/Lever_01/Lever_TD_Checker_MaskMap.png using Guid(bff72ece41c1b7944a180f8bb1d48ede) Importer(815301076,1909f56bfc062723c751e8b465ee728b)  -> (artifact id: 'b2267524e2fcf59ea673c836ca2383ca') in 0.017631 seconds 
========================================================================
Received Import Request.
  Time since last request: 7.491041 seconds.
  path: Assets/Models/Lever_01/Lever.mat
  artifactKey: Guid(70264daeaa0213045a63bee309925b32) Importer(815301076,1909f56bfc062723c751e8b465ee728b)
Start importing Assets/Models/Lever_01/Lever.mat using Guid(70264daeaa0213045a63bee309925b32) Importer(815301076,1909f56bfc062723c751e8b465ee728b)  -> (artifact id: '506e8dfbb829027c102a9e5d91ded925') in 0.012036 seconds 
========================================================================
Received Import Request.
  Time since last request: 34.165177 seconds.
  path: Assets/Models/Lever_01/Lever_TD_Checker_Normal.png
  artifactKey: Guid(24b5ba37bc6b2df42b80b3be5ab1742c) Importer(815301076,1909f56bfc062723c751e8b465ee728b)
Start importing Assets/Models/Lever_01/Lever_TD_Checker_Normal.png using Guid(24b5ba37bc6b2df42b80b3be5ab1742c) Importer(815301076,1909f56bfc062723c751e8b465ee728b)  -> (artifact id: '02a291497ee535a3bafd82cea0c8ebcf') in 0.016426 seconds 
========================================================================
Received Import Request.
  Time since last request: 154.746299 seconds.
  path: Assets/Models/Lever_01/Lever.fbx
  artifactKey: Guid(816698980dde2b5429b31ab7c9e4a60e) Importer(815301076,1909f56bfc062723c751e8b465ee728b)
Start importing Assets/Models/Lever_01/Lever.fbx using Guid(816698980dde2b5429b31ab7c9e4a60e) Importer(815301076,1909f56bfc062723c751e8b465ee728b)  -> (artifact id: '54ce873ace3380b814abc50acdeaeafc') in 0.043434 seconds 
========================================================================
Received Import Request.
  Time since last request: 42.456154 seconds.
  path: Assets/Models/Lever_01/Lever.fbx
  artifactKey: Guid(816698980dde2b5429b31ab7c9e4a60e) Importer(815301076,1909f56bfc062723c751e8b465ee728b)
Start importing Assets/Models/Lever_01/Lever.fbx using Guid(816698980dde2b5429b31ab7c9e4a60e) Importer(815301076,1909f56bfc062723c751e8b465ee728b)  -> (artifact id: '9ed6b984174fcb17ad827f74ebac8d53') in 0.060869 seconds 
========================================================================
Received Import Request.
  Time since last request: 3.661194 seconds.
  path: Assets/Prefabs/Interactable Prefabs/Lever/Lever_01.prefab
  artifactKey: Guid(5df70a3ed6d63e14e92c1c7f55dacd4a) Importer(815301076,1909f56bfc062723c751e8b465ee728b)
Start importing Assets/Prefabs/Interactable Prefabs/Lever/Lever_01.prefab using Guid(5df70a3ed6d63e14e92c1c7f55dacd4a) Importer(815301076,1909f56bfc062723c751e8b465ee728b)  -> (artifact id: 'fbfc252bf69a5b5db33e36b499e2de2f') in 0.011489 seconds 
========================================================================
Received Import Request.
  Time since last request: 213.726668 seconds.
  path: Assets/Models/Lever_01/Lever.fbx
  artifactKey: Guid(816698980dde2b5429b31ab7c9e4a60e) Importer(815301076,1909f56bfc062723c751e8b465ee728b)
Start importing Assets/Models/Lever_01/Lever.fbx using Guid(816698980dde2b5429b31ab7c9e4a60e) Importer(815301076,1909f56bfc062723c751e8b465ee728b)  -> (artifact id: 'dfb7753bd32ebf4c61fecd88362ff82a') in 0.035715 seconds 
========================================================================
Received Import Request.
  Time since last request: 103.906667 seconds.
  path: Assets/Prefabs/Interactable Prefabs/Lever/Lever_01.prefab
  artifactKey: Guid(5df70a3ed6d63e14e92c1c7f55dacd4a) Importer(815301076,1909f56bfc062723c751e8b465ee728b)
Start importing Assets/Prefabs/Interactable Prefabs/Lever/Lever_01.prefab using Guid(5df70a3ed6d63e14e92c1c7f55dacd4a) Importer(815301076,1909f56bfc062723c751e8b465ee728b)  -> (artifact id: '26faecd041c0cc0f679a25dff1b2a6a1') in 0.013630 seconds 
========================================================================
Received Import Request.
  Time since last request: 23.470229 seconds.
  path: Assets/Prefabs/Interactable Prefabs/Lever/Lever_01.prefab
  artifactKey: Guid(5df70a3ed6d63e14e92c1c7f55dacd4a) Importer(815301076,1909f56bfc062723c751e8b465ee728b)
Start importing Assets/Prefabs/Interactable Prefabs/Lever/Lever_01.prefab using Guid(5df70a3ed6d63e14e92c1c7f55dacd4a) Importer(815301076,1909f56bfc062723c751e8b465ee728b)  -> (artifact id: 'cc36b1707f34ee7f0d374a5e5dfca638') in 0.009524 seconds 
========================================================================
Received Import Request.
  Time since last request: 52.627896 seconds.
  path: Assets/Prefabs/Interactable Prefabs/Lever/Lever_01.prefab
  artifactKey: Guid(5df70a3ed6d63e14e92c1c7f55dacd4a) Importer(815301076,1909f56bfc062723c751e8b465ee728b)
Start importing Assets/Prefabs/Interactable Prefabs/Lever/Lever_01.prefab using Guid(5df70a3ed6d63e14e92c1c7f55dacd4a) Importer(815301076,1909f56bfc062723c751e8b465ee728b)  -> (artifact id: 'f43650c85d9315944458a970d079435f') in 0.013476 seconds 
========================================================================
Received Import Request.
  Time since last request: 3.376926 seconds.
  path: Assets/Prefabs/Interactable Prefabs/Lever/Lever_01.prefab
  artifactKey: Guid(5df70a3ed6d63e14e92c1c7f55dacd4a) Importer(815301076,1909f56bfc062723c751e8b465ee728b)
Start importing Assets/Prefabs/Interactable Prefabs/Lever/Lever_01.prefab using Guid(5df70a3ed6d63e14e92c1c7f55dacd4a) Importer(815301076,1909f56bfc062723c751e8b465ee728b)  -> (artifact id: '76e4572ed7438faa9cb95fdaa561080a') in 0.026764 seconds 
